21:44:52 **** Incremental Build of configuration Nios II for project FIRTB ****
wsl make all 
Info: Building /mnt/e/THSOC/FIR/software/FIRTB_bsp/
make --no-print-directory -C /mnt/e/THSOC/FIR/software/FIRTB_bsp/
[BSP build complete]
[RUN_ON_HDL_SIMULATOR_ONLY_FIRTB build complete]
21:45:02 **** Build of configuration Nios II for project FIRTB ****
wsl make all 
Info: Building /mnt/e/THSOC/FIR/software/FIRTB_bsp/
make --no-print-directory -C /mnt/e/THSOC/FIR/software/FIRTB_bsp/
[BSP build complete]
[RUN_ON_HDL_SIMULATOR_ONLY_FIRTB build complete]
21:45:23 **** Incremental Build of configuration Nios II for project FIRTB ****
wsl make all 
Info: Building /mnt/e/THSOC/FIR/software/FIRTB_bsp/
make --no-print-directory -C /mnt/e/THSOC/FIR/software/FIRTB_bsp/
[BSP build complete]
[RUN_ON_HDL_SIMULATOR_ONLY_FIRTB build complete]
07:20:06 **** Build of configuration Nios II for project FIRTB ****
wsl make all 
Info: Building /mnt/e/THSOC/FIR/software/FIRTB_bsp/
make --no-print-directory -C /mnt/e/THSOC/FIR/software/FIRTB_bsp/
[BSP build complete]
Info: Compiling main.c to obj/default/main.o
nios2-elf-gcc.exe -xc -MP -MMD -c -Ie:/THSOC/FIR/software/FIRTB_bsp//HAL/inc -Ie:/THSOC/FIR/software/FIRTB_bsp/ -Ie:/THSOC/FIR/software/FIRTB_bsp//drivers/inc  -pipe -D__hal__ -DALT_NO_INSTRUCTION_EMULATION -DALT_USE_SMALL_DRIVERS -DALT_SIM_OPTIMIZE -DSMALL_C_LIB -DALT_SINGLE_THREADED    -O0 -g -Wall   -mno-hw-div -mno-hw-div -mno-hw-mul -mno-hw-mulx -mgpopt=global  -o "obj/default/main.o" "main.c"
Info: Linking RUN_ON_HDL_SIMULATOR_ONLY_FIRTB.elf
nios2-elf-g++.exe  -T'e:/THSOC/FIR/software/FIRTB_bsp//linker.x' -msys-crt0='e:/THSOC/FIR/software/FIRTB_bsp//obj/HAL/src/crt0.o' -msys-lib=hal_bsp -Le:/THSOC/FIR/software/FIRTB_bsp/  -msmallc  -Wl,-Map=RUN_ON_HDL_SIMULATOR_ONLY_FIRTB.map   -O0 -g -Wall   -mno-hw-div -mno-hw-div -mno-hw-mul -mno-hw-mulx -mgpopt=global  -o RUN_ON_HDL_SIMULATOR_ONLY_FIRTB.elf obj/default/main.o -lm -msys-lib=m
nios2-elf-insert.exe RUN_ON_HDL_SIMULATOR_ONLY_FIRTB.elf --thread_model hal --cpu_name nios2_gen2_0 --qsys true --simulation_enabled false --stderr_dev jtag_uart_0 --stdin_dev jtag_uart_0 --stdout_dev jtag_uart_0 --sopc_system_name system --quartus_project_dir "e:/THSOC/FIR" --jdi ../..//output_files/fir.jdi --sopcinfo E:/THSOC/FIR/system.sopcinfo
Info: (RUN_ON_HDL_SIMULATOR_ONLY_FIRTB.elf) 8412 Bytes program size (code + initialized data).
Info:                                       119 KBytes free for stack + heap.
Info: Creating RUN_ON_HDL_SIMULATOR_ONLY_FIRTB.objdump
nios2-elf-objdump.exe --disassemble --syms --all-header --source RUN_ON_HDL_SIMULATOR_ONLY_FIRTB.elf >RUN_ON_HDL_SIMULATOR_ONLY_FIRTB.objdump
[RUN_ON_HDL_SIMULATOR_ONLY_FIRTB build complete]
07:20:20 **** Incremental Build of configuration Nios II for project FIRTB ****
wsl make all 
Info: Building /mnt/e/THSOC/FIR/software/FIRTB_bsp/
make --no-print-directory -C /mnt/e/THSOC/FIR/software/FIRTB_bsp/
[BSP build complete]
[RUN_ON_HDL_SIMULATOR_ONLY_FIRTB build complete]
07:46:18 **** Build of configuration Nios II for project FIRTB ****
wsl make all 
Info: Building /mnt/e/THSOC/FIR/software/FIRTB_bsp/
make --no-print-directory -C /mnt/e/THSOC/FIR/software/FIRTB_bsp/
[BSP build complete]
[RUN_ON_HDL_SIMULATOR_ONLY_FIRTB build complete]
07:46:24 **** Incremental Build of configuration Nios II for project FIRTB ****
wsl make all 
Info: Building /mnt/e/THSOC/FIR/software/FIRTB_bsp/
make --no-print-directory -C /mnt/e/THSOC/FIR/software/FIRTB_bsp/
[BSP build complete]
[RUN_ON_HDL_SIMULATOR_ONLY_FIRTB build complete]
20:35:49 **** Build of configuration Nios II for project FIRTB ****
wsl make all 
Info: Building /mnt/e/THSOC/FIR/software/FIRTB_bsp/
make --no-print-directory -C /mnt/e/THSOC/FIR/software/FIRTB_bsp/
[BSP build complete]
[RUN_ON_HDL_SIMULATOR_ONLY_FIRTB build complete]
20:35:57 **** Incremental Build of configuration Nios II for project FIRTB ****
wsl make all 
Info: Building /mnt/e/THSOC/FIR/software/FIRTB_bsp/
make --no-print-directory -C /mnt/e/THSOC/FIR/software/FIRTB_bsp/
[BSP build complete]
[RUN_ON_HDL_SIMULATOR_ONLY_FIRTB build complete]
